Crashlog created at 2012-10-03 00:13:48 -0400

=== MESSAGE:

LoadError: cannot load such file -- coderay
Try installing the 'coderay' gem (`gem install coderay`) and then re-running the command.

=== COMPILATION STACK:

  - [item]   /docs/ (rep default)

=== BACKTRACE:

  0. /usr/lib/ruby/1.9.1/rubygems/custom_require.rb:36:in `require'
  1. /usr/lib/ruby/1.9.1/rubygems/custom_require.rb:36:in `require'
  2. /var/lib/gems/1.9.1/gems/nanoc-3.4.1/lib/nanoc/filters/colorize_syntax.rb:158:in `coderay'
  3. /var/lib/gems/1.9.1/gems/nanoc-3.4.1/lib/nanoc/filters/colorize_syntax.rb:288:in `highlight'
  4. /var/lib/gems/1.9.1/gems/nanoc-3.4.1/lib/nanoc/filters/colorize_syntax.rb:130:in `block in run'
  5. /var/lib/gems/1.9.1/gems/nokogiri-1.5.5/lib/nokogiri/xml/node_set.rb:239:in `block in each'
  6. /var/lib/gems/1.9.1/gems/nokogiri-1.5.5/lib/nokogiri/xml/node_set.rb:238:in `upto'
  7. /var/lib/gems/1.9.1/gems/nokogiri-1.5.5/lib/nokogiri/xml/node_set.rb:238:in `each'
  8. /var/lib/gems/1.9.1/gems/nanoc-3.4.1/lib/nanoc/filters/colorize_syntax.rb:109:in `run'
  9. /var/lib/gems/1.9.1/gems/nanoc-3.4.1/lib/nanoc/base/result_data/item_rep.rb:343:in `filter'
  10. /var/lib/gems/1.9.1/gems/nanoc-3.4.1/lib/nanoc/base/compilation/item_rep_proxy.rb:47:in `filter'
  11. /var/lib/gems/1.9.1/gems/nanoc-3.4.1/lib/nanoc/base/compilation/rule_context.rb:54:in `filter'
  12. ./Rules:124:in `block in load'
  13. /var/lib/gems/1.9.1/gems/nanoc-3.4.1/lib/nanoc/base/compilation/rule.rb:68:in `instance_eval'
  14. /var/lib/gems/1.9.1/gems/nanoc-3.4.1/lib/nanoc/base/compilation/rule.rb:68:in `apply_to'
  15. /var/lib/gems/1.9.1/gems/nanoc-3.4.1/lib/nanoc/base/compilation/compiler.rb:381:in `compile_rep'
  16. /var/lib/gems/1.9.1/gems/nanoc-3.4.1/lib/nanoc/base/compilation/compiler.rb:337:in `block in compile_reps'
  17. /var/lib/gems/1.9.1/gems/nanoc-3.4.1/lib/nanoc/base/compilation/compiler.rb:330:in `loop'
  18. /var/lib/gems/1.9.1/gems/nanoc-3.4.1/lib/nanoc/base/compilation/compiler.rb:330:in `compile_reps'
  19. /var/lib/gems/1.9.1/gems/nanoc-3.4.1/lib/nanoc/base/compilation/compiler.rb:85:in `run'
  20. /var/lib/gems/1.9.1/gems/nanoc-3.4.1/lib/nanoc/base/source_data/site.rb:58:in `compile'
  21. /var/lib/gems/1.9.1/gems/nanoc-3.4.1/lib/nanoc/cli/commands/compile.rb:65:in `run'
  22. /var/lib/gems/1.9.1/gems/nanoc-3.4.1/lib/nanoc/cli/command_runner.rb:14:in `block in call'
  23. /var/lib/gems/1.9.1/gems/nanoc-3.4.1/lib/nanoc/cli/error_handler.rb:63:in `handle_while'
  24. /var/lib/gems/1.9.1/gems/nanoc-3.4.1/lib/nanoc/cli/error_handler.rb:26:in `handle_while'
  25. /var/lib/gems/1.9.1/gems/nanoc-3.4.1/lib/nanoc/cli/command_runner.rb:13:in `call'
  26. /var/lib/gems/1.9.1/gems/cri-2.3.0/lib/cri/command_dsl.rb:185:in `block in runner'
  27. /var/lib/gems/1.9.1/gems/cri-2.3.0/lib/cri/command.rb:296:in `call'
  28. /var/lib/gems/1.9.1/gems/cri-2.3.0/lib/cri/command.rb:296:in `run_this'
  29. /var/lib/gems/1.9.1/gems/cri-2.3.0/lib/cri/command.rb:249:in `run'
  30. /var/lib/gems/1.9.1/gems/nanoc-3.4.1/lib/nanoc/cli/commands/nanoc.rb:39:in `block in define'
  31. /var/lib/gems/1.9.1/gems/cri-2.3.0/lib/cri/command.rb:296:in `call'
  32. /var/lib/gems/1.9.1/gems/cri-2.3.0/lib/cri/command.rb:296:in `run_this'
  33. /var/lib/gems/1.9.1/gems/cri-2.3.0/lib/cri/command.rb:249:in `run'
  34. /var/lib/gems/1.9.1/gems/nanoc-3.4.1/lib/nanoc/cli.rb:53:in `block in run'
  35. /var/lib/gems/1.9.1/gems/nanoc-3.4.1/lib/nanoc/cli/error_handler.rb:63:in `handle_while'
  36. /var/lib/gems/1.9.1/gems/nanoc-3.4.1/lib/nanoc/cli/error_handler.rb:26:in `handle_while'
  37. /var/lib/gems/1.9.1/gems/nanoc-3.4.1/lib/nanoc/cli.rb:50:in `run'
  38. /var/lib/gems/1.9.1/gems/nanoc-3.4.1/bin/nanoc:19:in `<top (required)>'
  39. /usr/local/bin/nanoc:19:in `load'
  40. /usr/local/bin/nanoc:19:in `<main>'

=== VERSION INFORMATION:

nanoc 3.4.1 © 2007-2012 Denis Defreyne.
Running ruby 1.9.3 (2011-10-30) on x86_64-linux with RubyGems 1.8.11.

=== SYSTEM INFORMATION:

Linux ubuntu 3.2.0-29-generic #46-Ubuntu SMP Fri Jul 27 17:03:23 UTC 2012 x86_64 x86_64 x86_64 GNU/Linux

=== INSTALLED GEMS:

  adsf 1.1.1
  chunky_png 1.2.6
  colored 1.2
  compass 0.12.2
  cri 2.3.0
  fssm 0.2.9
  haml 3.1.7
  kramdown 0.14.0
  nanoc 3.4.1
  nokogiri 1.5.5
  rack 1.4.1
  rainpress 1.0
  rdiscount 1.6.8
  rubypants 0.2.0
  sass 3.2.1

=== ENVIRONMENT:

COLORTERM => "gnome-terminal"
COMPIZ_CONFIG_PROFILE => "ubuntu"
DBUS_SESSION_BUS_ADDRESS => "unix:abstract=/tmp/dbus-sDl3S3tnEi,guid=11391d7fb9de66700084ab6a000000a5"
DEFAULTS_PATH => "/usr/share/gconf/ubuntu.default.path"
DESKTOP_SESSION => "ubuntu"
DISPLAY => ":0"
GDMSESSION => "ubuntu"
GNOME_DESKTOP_SESSION_ID => "this-is-deprecated"
GNOME_KEYRING_CONTROL => "/tmp/keyring-EsWM4s"
GNOME_KEYRING_PID => "1600"
GPG_AGENT_INFO => "/tmp/keyring-EsWM4s/gpg:0:1"
HOME => "/home/xiongxiong"
LANG => "en_US.UTF-8"
LESSCLOSE => "/usr/bin/lesspipe %s %s"
LESSOPEN => "| /usr/bin/lesspipe %s"
LOGNAME => "xiongxiong"
LS_COLORS => "rs=0:di=01;34:ln=01;36:mh=00:pi=40;33:so=01;35:do=01;35:bd=40;33;01:cd=40;33;01:or=40;31;01:su=37;41:sg=30;43:ca=30;41:tw=30;42:ow=34;42:st=37;44:ex=01;32:*.tar=01;31:*.tgz=01;31:*.arj=01;31:*.taz=01;31:*.lzh=01;31:*.lzma=01;31:*.tlz=01;31:*.txz=01;31:*.zip=01;31:*.z=01;31:*.Z=01;31:*.dz=01;31:*.gz=01;31:*.lz=01;31:*.xz=01;31:*.bz2=01;31:*.bz=01;31:*.tbz=01;31:*.tbz2=01;31:*.tz=01;31:*.deb=01;31:*.rpm=01;31:*.jar=01;31:*.war=01;31:*.ear=01;31:*.sar=01;31:*.rar=01;31:*.ace=01;31:*.zoo=01;31:*.cpio=01;31:*.7z=01;31:*.rz=01;31:*.jpg=01;35:*.jpeg=01;35:*.gif=01;35:*.bmp=01;35:*.pbm=01;35:*.pgm=01;35:*.ppm=01;35:*.tga=01;35:*.xbm=01;35:*.xpm=01;35:*.tif=01;35:*.tiff=01;35:*.png=01;35:*.svg=01;35:*.svgz=01;35:*.mng=01;35:*.pcx=01;35:*.mov=01;35:*.mpg=01;35:*.mpeg=01;35:*.m2v=01;35:*.mkv=01;35:*.webm=01;35:*.ogm=01;35:*.mp4=01;35:*.m4v=01;35:*.mp4v=01;35:*.vob=01;35:*.qt=01;35:*.nuv=01;35:*.wmv=01;35:*.asf=01;35:*.rm=01;35:*.rmvb=01;35:*.flc=01;35:*.avi=01;35:*.fli=01;35:*.flv=01;35:*.gl=01;35:*.dl=01;35:*.xcf=01;35:*.xwd=01;35:*.yuv=01;35:*.cgm=01;35:*.emf=01;35:*.axv=01;35:*.anx=01;35:*.ogv=01;35:*.ogx=01;35:*.aac=00;36:*.au=00;36:*.flac=00;36:*.mid=00;36:*.midi=00;36:*.mka=00;36:*.mp3=00;36:*.mpc=00;36:*.ogg=00;36:*.ra=00;36:*.wav=00;36:*.axa=00;36:*.oga=00;36:*.spx=00;36:*.xspf=00;36:"
MANDATORY_PATH => "/usr/share/gconf/ubuntu.mandatory.path"
OLDPWD => "/home/xiongxiong/git/seqware/seqware-distribution/docs"
PATH => "/usr/lib/lightdm/lightdm:/usr/local/sbin:/usr/local/bin:/usr/sbin:/usr/bin:/sbin:/bin:/usr/games:/home/xiongxiong/Downloads/jdk1.6.0_34/bin:/home/xiongxiong/Downloads/apache-maven-3.0.4/bin"
PWD => "/home/xiongxiong/git/seqware/seqware-distribution/docs/site-prototype"
SESSION_MANAGER => "local/ubuntu:@/tmp/.ICE-unix/1611,unix/ubuntu:/tmp/.ICE-unix/1611"
SHELL => "/bin/bash"
SHLVL => "1"
SSH_AGENT_PID => "1646"
SSH_AUTH_SOCK => "/tmp/keyring-EsWM4s/ssh"
TERM => "xterm"
UBUNTU_MENUPROXY => "libappmenu.so"
USER => "xiongxiong"
WINDOWID => "56623110"
XAUTHORITY => "/home/xiongxiong/.Xauthority"
XDG_CONFIG_DIRS => "/etc/xdg/xdg-ubuntu:/etc/xdg"
XDG_CURRENT_DESKTOP => "Unity"
XDG_DATA_DIRS => "/usr/share/ubuntu:/usr/share/gnome:/usr/local/share/:/usr/share/"
XDG_SEAT_PATH => "/org/freedesktop/DisplayManager/Seat0"
XDG_SESSION_COOKIE => "1fa7d1fa2d259df4991f815a00000025-1349233012.287553-1896567243"
XDG_SESSION_PATH => "/org/freedesktop/DisplayManager/Session0"
_ => "/usr/local/bin/nanoc"

=== GEMFILE.LOCK:

GEM
  remote: http://rubygems.org/
  specs:
    adsf (1.1.1)
      rack (>= 1.0.0)
    builder (3.0.0)
    chunky_png (1.2.5)
    coderay (1.0.6)
    compass (0.12.1)
      chunky_png (~> 1.2)
      fssm (>= 0.2.7)
      sass (~> 3.1)
    cri (2.2.1)
    fast-aleck (0.1)
      ffi (~> 1.0)
    ffi (1.0.11)
    fssm (0.2.9)
    haml (3.1.6)
    kramdown (0.13.6)
    nanoc (3.3.7)
      cri (~> 2.2)
    nokogiri (1.5.2)
    rack (1.4.1)
    rainpress (1.0)
    rdiscount (1.6.8)
    rubypants (0.2.0)
    sass (3.1.19)
    systemu (2.5.0)

PLATFORMS
  ruby

DEPENDENCIES
  adsf
  builder
  coderay
  compass
  fast-aleck
  haml
  kramdown
  nanoc
  nokogiri
  rainpress
  rdiscount
  rubypants
  systemu

=== $LOAD_PATH:

  0. /var/lib/gems/1.9.1/gems/nanoc-3.4.1/lib
  1. /var/lib/gems/1.9.1/gems/colored-1.2/lib
  2. /var/lib/gems/1.9.1/gems/cri-2.3.0/lib
  3. /var/lib/gems/1.9.1/gems/nanoc-3.4.1/lib
  4. /var/lib/gems/1.9.1/gems/sass-3.2.1/lib
  5. /var/lib/gems/1.9.1/gems/chunky_png-1.2.6/lib
  6. /var/lib/gems/1.9.1/gems/fssm-0.2.9/lib
  7. /var/lib/gems/1.9.1/gems/compass-0.12.2/lib
  8. /var/lib/gems/1.9.1/gems/rdiscount-1.6.8/lib
  9. /var/lib/gems/1.9.1/gems/nokogiri-1.5.5/lib
  10. /var/lib/gems/1.9.1/gems/haml-3.1.7/lib
  11. /usr/local/lib/site_ruby/1.9.1
  12. /usr/local/lib/site_ruby/1.9.1/x86_64-linux
  13. /usr/local/lib/site_ruby
  14. /usr/lib/ruby/vendor_ruby/1.9.1
  15. /usr/lib/ruby/vendor_ruby/1.9.1/x86_64-linux
  16. /usr/lib/ruby/vendor_ruby
  17. /usr/lib/ruby/1.9.1
  18. /usr/lib/ruby/1.9.1/x86_64-linux
